<?xml version="1.0" encoding="UTF-8"?>
<!-- Generated by org.testng.reporters.JUnitReportReporter -->
<testsuite hostname="loadrunner-PC" name="day11_JSE.Hidden_Link_JavaScriptE" tests="1" failures="0" timestamp="31 May 2017 11:28:35 GMT" time="30.083" errors="0">
  <testcase name="f" time="30.083" classname="day11_JSE.Hidden_Link_JavaScriptE"/>
</testsuite> <!-- day11_JSE.Hidden_Link_JavaScriptE -->
