<?xml version="1.0" encoding="UTF-8"?>
<!-- Generated by org.testng.reporters.JUnitReportReporter -->
<testsuite hostname="loadrunner-PC" name="day11_JSE.Window_ScrollDown_JSE" tests="1" failures="0" timestamp="31 May 2017 11:41:08 GMT" time="15.955" errors="0">
  <testcase name="f" time="15.955" classname="day11_JSE.Window_ScrollDown_JSE"/>
</testsuite> <!-- day11_JSE.Window_ScrollDown_JSE -->
