<?xml version="1.0" encoding="UTF-8"?>
<!-- Generated by org.testng.reporters.JUnitReportReporter -->
<testsuite hostname="loadrunner-PC" name="day13.Implicit_Wait" tests="1" failures="0" timestamp="2 Jun 2017 12:12:44 GMT" time="13.950" errors="0">
  <testcase name="f" time="13.950" classname="day13.Implicit_Wait"/>
</testsuite> <!-- day13.Implicit_Wait -->
