<?xml version="1.0" encoding="UTF-8"?>
<!-- Generated by org.testng.reporters.JUnitReportReporter -->
<testsuite hostname="loadrunner-PC" name="day11_JSE.TextBox_JSE" tests="1" failures="0" timestamp="31 May 2017 11:58:19 GMT" time="8.440" errors="0">
  <testcase name="f" time="8.440" classname="day11_JSE.TextBox_JSE"/>
</testsuite> <!-- day11_JSE.TextBox_JSE -->
