<?xml version="1.0" encoding="UTF-8"?>
<!-- Generated by org.testng.reporters.JUnitReportReporter -->
<testsuite hostname="loadrunner-PC" name="day12_AutoIT.SAVEFile_AutoIT" tests="1" failures="0" timestamp="1 Jun 2017 11:19:45 GMT" time="12.495" errors="0">
  <testcase name="f" time="12.495" classname="day12_AutoIT.SAVEFile_AutoIT"/>
</testsuite> <!-- day12_AutoIT.SAVEFile_AutoIT -->
