<?xml version="1.0" encoding="UTF-8"?>
<!-- Generated by org.testng.reporters.JUnitReportReporter -->
<testsuite hostname="loadrunner-PC" name="day13.ExplicitWait_WebdriverWait" tests="1" failures="0" timestamp="2 Jun 2017 12:37:56 GMT" time="47.707" errors="0">
  <testcase name="f" time="47.707" classname="day13.ExplicitWait_WebdriverWait"/>
</testsuite> <!-- day13.ExplicitWait_WebdriverWait -->
