<?xml version="1.0" encoding="UTF-8"?>
<!-- Generated by org.testng.reporters.JUnitReportReporter -->
<testsuite hostname="loadrunner-PC" name="day14_Excel.Write_Excel_JXL" tests="1" failures="0" timestamp="5 Jun 2017 12:29:57 GMT" time="0.134" errors="0">
  <testcase name="f" time="0.134" classname="day14_Excel.Write_Excel_JXL"/>
</testsuite> <!-- day14_Excel.Write_Excel_JXL -->
