<?xml version="1.0" encoding="UTF-8"?>
<!-- Generated by org.testng.reporters.JUnitReportReporter -->
<testsuite hostname="loadrunner-PC" name="grid.Grid_Single_BR" tests="1" failures="0" timestamp="12 Jun 2017 12:44:37 GMT" time="31.738" errors="0">
  <testcase name="f" time="31.738" classname="grid.Grid_Single_BR"/>
</testsuite> <!-- grid.Grid_Single_BR -->
