<?xml version="1.0" encoding="UTF-8"?>
<!-- Generated by org.testng.reporters.JUnitReportReporter -->
<testsuite hostname="loadrunner-PC" name="grid.Grid_Multiple_BR" tests="2" failures="0" timestamp="13 Jun 2017 12:00:41 GMT" time="39.824" errors="0">
  <testcase name="grid_browser" time="15.091" classname="grid.Grid_Multiple_BR"/>
  <testcase name="grid_browser" time="24.733" classname="grid.Grid_Multiple_BR"/>
</testsuite> <!-- grid.Grid_Multiple_BR -->
