<?xml version="1.0" encoding="UTF-8"?>
<!-- Generated by org.testng.reporters.JUnitReportReporter -->
<testsuite hostname="loadrunner-PC" name="day10_calander.Calander_Webtable" tests="1" failures="0" timestamp="30 May 2017 12:08:39 GMT" time="28.175" errors="0">
  <testcase name="calanderTest" time="28.175" classname="day10_calander.Calander_Webtable"/>
</testsuite> <!-- day10_calander.Calander_Webtable -->
