<?xml version="1.0" encoding="UTF-8"?>
<!-- Generated by org.testng.reporters.JUnitReportReporter -->
<testsuite hostname="loadrunner-PC" name="day7.radioButton_Testng2" tests="1" failures="0" timestamp="25 May 2017 11:25:33 GMT" time="35.413" errors="0">
  <testcase name="f" time="35.413" classname="day7.radioButton_Testng2"/>
</testsuite> <!-- day7.radioButton_Testng2 -->
