<?xml version="1.0" encoding="UTF-8"?>
<!-- Generated by org.testng.reporters.JUnitReportReporter -->
<testsuite hostname="loadrunner-PC" name="day12_AutoIT.AutoIT_UploadFile" tests="1" failures="0" timestamp="31 May 2017 12:42:42 GMT" time="21.383" errors="0">
  <testcase name="f" time="21.383" classname="day12_AutoIT.AutoIT_UploadFile"/>
</testsuite> <!-- day12_AutoIT.AutoIT_UploadFile -->
