<?xml version="1.0" encoding="UTF-8"?>
<!-- Generated by org.testng.reporters.JUnitReportReporter -->
<testsuite hostname="loadrunner-PC" name="day8.CSS_Selector" tests="1" failures="0" timestamp="26 May 2017 12:46:02 GMT" time="26.810" errors="0">
  <testcase name="f" time="26.810" classname="day8.CSS_Selector"/>
</testsuite> <!-- day8.CSS_Selector -->
