<?xml version="1.0" encoding="UTF-8"?>
<!-- Generated by org.testng.reporters.JUnitReportReporter -->
<testsuite hostname="loadrunner-PC" name="day7.CheckBox1" tests="1" failures="0" timestamp="14 Jun 2017 11:44:09 GMT" time="36.988" errors="0">
  <testcase name="f" time="36.988" classname="day7.CheckBox1"/>
</testsuite> <!-- day7.CheckBox1 -->
