<?xml version="1.0" encoding="UTF-8"?>
<!-- Generated by org.testng.reporters.JUnitReportReporter -->
<testsuite hostname="loadrunner-PC" name="day12_AutoIT.Save_File_Robot" tests="1" failures="0" timestamp="1 Jun 2017 12:07:37 GMT" time="14.229" errors="0">
  <testcase name="f" time="14.229" classname="day12_AutoIT.Save_File_Robot"/>
</testsuite> <!-- day12_AutoIT.Save_File_Robot -->
