<?xml version="1.0" encoding="UTF-8"?>
<!-- Generated by org.testng.reporters.JUnitReportReporter -->
<testsuite hostname="loadrunner-PC" name="day7.Dynamic_Xpath" tests="1" failures="0" timestamp="25 May 2017 13:14:18 GMT" time="30.189" errors="0">
  <testcase name="f" time="30.189" classname="day7.Dynamic_Xpath"/>
</testsuite> <!-- day7.Dynamic_Xpath -->
