<?xml version="1.0" encoding="UTF-8"?>
<!-- Generated by org.testng.reporters.JUnitReportReporter -->
<testsuite hostname="loadrunner-PC" name="day14_Excel.Multpliple_Excel_POI" tests="1" failures="0" timestamp="5 Jun 2017 13:20:46 GMT" time="14.875" errors="0">
  <testcase name="f" time="14.875" classname="day14_Excel.Multpliple_Excel_POI"/>
</testsuite> <!-- day14_Excel.Multpliple_Excel_POI -->
