<?xml version="1.0" encoding="UTF-8"?>
<!-- Generated by org.testng.reporters.JUnitReportReporter -->
<testsuite hostname="loadrunner-PC" name="day13.Cookies_Testing" tests="1" failures="0" timestamp="2 Jun 2017 11:43:30 GMT" time="13.167" errors="0">
  <testcase name="f" time="13.167" classname="day13.Cookies_Testing"/>
</testsuite> <!-- day13.Cookies_Testing -->
