<?xml version="1.0" encoding="UTF-8"?>
<!-- Generated by org.testng.reporters.JUnitReportReporter -->
<testsuite hostname="loadrunner-PC" name="testng.NewTest" tests="2" failures="0" timestamp="26 May 2017 12:21:53 GMT" time="0.020" errors="0">
  <testcase name="a" time="0.006" classname="testng.NewTest"/>
  <testcase name="c" time="0.014" classname="testng.NewTest"/>
</testsuite> <!-- testng.NewTest -->
