<?xml version="1.0" encoding="UTF-8"?>
<!-- Generated by org.testng.reporters.JUnitReportReporter -->
<testsuite hostname="loadrunner-PC" name="day14_Excel.Excel_Fill_Colors" tests="1" failures="0" timestamp="6 Jun 2017 11:17:36 GMT" time="0.715" errors="0">
  <testcase name="f" time="0.715" classname="day14_Excel.Excel_Fill_Colors"/>
</testsuite> <!-- day14_Excel.Excel_Fill_Colors -->
