<?xml version="1.0" encoding="UTF-8"?>
<!-- Generated by org.testng.reporters.JUnitReportReporter -->
<testsuite hostname="loadrunner-PC" name="day12_AutoIT.Mouse_Move" tests="1" failures="0" timestamp="1 Jun 2017 12:59:37 GMT" time="8.323" errors="0">
  <testcase name="f" time="8.323" classname="day12_AutoIT.Mouse_Move"/>
</testsuite> <!-- day12_AutoIT.Mouse_Move -->
