<?xml version="1.0" encoding="UTF-8"?>
<!-- Generated by org.testng.reporters.JUnitReportReporter -->
<testsuite hostname="loadrunner-PC" name="day11_JSE.Alert_JSE" tests="1" failures="0" timestamp="31 May 2017 11:49:18 GMT" time="13.210" errors="0">
  <testcase name="f" time="13.210" classname="day11_JSE.Alert_JSE"/>
</testsuite> <!-- day11_JSE.Alert_JSE -->
