<?xml version="1.0" encoding="UTF-8"?>
<!-- Generated by org.testng.reporters.JUnitReportReporter -->
<testsuite hostname="loadrunner-PC" name="day14_Excel.Login_JXL_EXcel" tests="1" failures="0" timestamp="5 Jun 2017 12:06:52 GMT" time="12.369" errors="0">
  <testcase name="f" time="12.369" classname="day14_Excel.Login_JXL_EXcel"/>
</testsuite> <!-- day14_Excel.Login_JXL_EXcel -->
