<?xml version="1.0" encoding="UTF-8"?>
<!-- Generated by org.testng.reporters.JUnitReportReporter -->
<testsuite hostname="loadrunner-PC" name="testng.RadioButton12" tests="1" failures="0" timestamp="14 Jun 2017 11:44:09 GMT" time="0.286" errors="0">
  <testcase name="f" time="0.286" classname="testng.RadioButton12"/>
</testsuite> <!-- testng.RadioButton12 -->
