<?xml version="1.0" encoding="UTF-8"?>
<!-- Generated by org.testng.reporters.JUnitReportReporter -->
<testsuite hostname="loadrunner-PC" name="day14_Excel.Login_Poi_Excel" tests="1" failures="0" timestamp="5 Jun 2017 12:44:43 GMT" time="10.089" errors="0">
  <testcase name="f" time="10.089" classname="day14_Excel.Login_Poi_Excel"/>
</testsuite> <!-- day14_Excel.Login_Poi_Excel -->
