<?xml version="1.0" encoding="UTF-8"?>
<!-- Generated by org.testng.reporters.JUnitReportReporter -->
<testsuite hostname="loadrunner-PC" name="day10_calander.PoPUp_Windows" tests="1" failures="0" timestamp="30 May 2017 12:40:30 GMT" time="42.941" errors="0">
  <testcase name="f" time="42.941" classname="day10_calander.PoPUp_Windows"/>
</testsuite> <!-- day10_calander.PoPUp_Windows -->
