<?xml version="1.0" encoding="UTF-8"?>
<!-- Generated by org.testng.reporters.JUnitReportReporter -->
<testsuite hostname="loadrunner-PC" name="day10_calander.Paytm_Frames" tests="1" failures="0" timestamp="30 May 2017 12:59:29 GMT" time="27.713" errors="0">
  <testcase name="f" time="27.713" classname="day10_calander.Paytm_Frames"/>
</testsuite> <!-- day10_calander.Paytm_Frames -->
