<?xml version="1.0" encoding="UTF-8"?>
<!-- Generated by org.testng.reporters.JUnitReportReporter -->
<testsuite hostname="loadrunner-PC" name="grid.YahooLoginDataProvider" tests="2" failures="0" timestamp="13 Jun 2017 12:26:17 GMT" time="42.175" errors="0">
  <testcase name="loginTest" time="29.127" classname="grid.YahooLoginDataProvider"/>
  <testcase name="loginTest" time="13.048" classname="grid.YahooLoginDataProvider"/>
</testsuite> <!-- grid.YahooLoginDataProvider -->
