<?xml version="1.0" encoding="UTF-8"?>
<!-- Generated by org.testng.reporters.JUnitReportReporter -->
<testsuite hostname="loadrunner-PC" name="testng.NewTest12" tests="1" failures="0" timestamp="24 May 2017 12:11:51 GMT" time="0.006" errors="0">
  <testcase name="f" time="0.006" classname="testng.NewTest12"/>
</testsuite> <!-- testng.NewTest12 -->
