<?xml version="1.0" encoding="UTF-8"?>
<!-- Generated by org.testng.reporters.JUnitReportReporter -->
<testsuite hostname="loadrunner-PC" name="day12_AutoIT.Upload_File_Robot" tests="1" failures="0" timestamp="1 Jun 2017 12:38:06 GMT" time="30.772" errors="0">
  <testcase name="f" time="30.772" classname="day12_AutoIT.Upload_File_Robot"/>
</testsuite> <!-- day12_AutoIT.Upload_File_Robot -->
