<?xml version="1.0" encoding="UTF-8"?>
<!-- Generated by org.testng.reporters.JUnitReportReporter -->
<testsuite hostname="loadrunner-PC" name="day13.ExplicitWait_Fluentwait" tests="1" failures="0" timestamp="2 Jun 2017 12:59:51 GMT" time="49.440" errors="0">
  <testcase name="waitTest" time="49.440" classname="day13.ExplicitWait_Fluentwait"/>
</testsuite> <!-- day13.ExplicitWait_Fluentwait -->
